# JRE version: OpenJDK Runtime Environment (21.0.6) (build 21.0.6+-13368085-b895.109)
# Java VM: OpenJDK 64-Bit Server VM (21.0.6+-13368085-b895.109, mixed mode, tiered, compressed oops, compressed class ptrs, g1 gc, windows-amd64)
GC Precious Log:
 CardTable entry size: 512
 Card Set container configuration: InlinePtr #cards 5 size 8 Array Of Cards #cards 12 size 40 Howl #buckets 4 coarsen threshold 1843 Howl Bitmap #cards 512 size 80 coarsen threshold 460 Card regions per heap region 1 cards per card region 2048
 CPUs: 8 total, 8 available
 Memory: 8100M
 Large Page Support: Disabled
 NUMA Support: Disabled
 Compressed Oops: Enabled (32-bit)
 Heap Region Size: 1M
 Heap Min Capacity: 8M
 Heap Initial Capacity: 128M
 Heap Max Capacity: 2G
 Pre-touch: Disabled
 Parallel Workers: 8
 Concurrent Workers: 2
 Concurrent Refinement Workers: 8
 Periodic GC: Disabled
Heap:
 garbage-first heap   total 415744K, used 312936K [0x0000000080000000, 0x0000000100000000)
  region size 1024K, 166 young (169984K), 3 survivors (3072K)
 Metaspace       used 159782K, committed 163328K, reserved 1245184K
  class space    used 20919K, committed 22656K, reserved 1048576K
GC Heap History (20 events):
Event: 1532.636 GC heap before
{Heap before GC invocations=66 (full 0):
 garbage-first heap   total 263168K, used 238080K [0x0000000080000000, 0x0000000100000000)
  region size 1024K, 86 young (88064K), 6 survivors (6144K)
 Metaspace       used 135771K, committed 138240K, reserved 1179648K
  class space    used 17854K, committed 19136K, reserved 1048576K
}
Event: 1532.650 GC heap after
{Heap after GC invocations=67 (full 0):
 garbage-first heap   total 263168K, used 168915K [0x0000000080000000, 0x0000000100000000)
  region size 1024K, 11 young (11264K), 11 survivors (11264K)
 Metaspace       used 135771K, committed 138240K, reserved 1179648K
  class space    used 17854K, committed 19136K, reserved 1048576K
}
Event: 1533.631 GC heap before
{Heap before GC invocations=68 (full 0):
 garbage-first heap   total 273408K, used 231379K [0x0000000080000000, 0x0000000100000000)
  region size 1024K, 78 young (79872K), 11 survivors (11264K)
 Metaspace       used 140881K, committed 143360K, reserved 1179648K
  class space    used 18675K, committed 19968K, reserved 1048576K
}
Event: 1533.641 GC heap after
{Heap after GC invocations=69 (full 0):
 garbage-first heap   total 273408K, used 167220K [0x0000000080000000, 0x0000000100000000)
  region size 1024K, 5 young (5120K), 5 survivors (5120K)
 Metaspace       used 140881K, committed 143360K, reserved 1179648K
  class space    used 18675K, committed 19968K, reserved 1048576K
}
Event: 1534.652 GC heap before
{Heap before GC invocations=69 (full 0):
 garbage-first heap   total 273408K, used 248116K [0x0000000080000000, 0x0000000100000000)
  region size 1024K, 85 young (87040K), 5 survivors (5120K)
 Metaspace       used 149570K, committed 152064K, reserved 1179648K
  class space    used 20101K, committed 21376K, reserved 1048576K
}
Event: 1534.663 GC heap after
{Heap after GC invocations=70 (full 0):
 garbage-first heap   total 273408K, used 149219K [0x0000000080000000, 0x0000000100000000)
  region size 1024K, 7 young (7168K), 7 survivors (7168K)
 Metaspace       used 149570K, committed 152064K, reserved 1179648K
  class space    used 20101K, committed 21376K, reserved 1048576K
}
Event: 1535.642 GC heap before
{Heap before GC invocations=70 (full 0):
 garbage-first heap   total 273408K, used 248547K [0x0000000080000000, 0x0000000100000000)
  region size 1024K, 105 young (107520K), 7 survivors (7168K)
 Metaspace       used 152012K, committed 154496K, reserved 1245184K
  class space    used 20442K, committed 21696K, reserved 1048576K
}
Event: 1535.651 GC heap after
{Heap after GC invocations=71 (full 0):
 garbage-first heap   total 273408K, used 153304K [0x0000000080000000, 0x0000000100000000)
  region size 1024K, 11 young (11264K), 11 survivors (11264K)
 Metaspace       used 152012K, committed 154496K, reserved 1245184K
  class space    used 20442K, committed 21696K, reserved 1048576K
}
Event: 1539.000 GC heap before
{Heap before GC invocations=72 (full 0):
 garbage-first heap   total 292864K, used 274136K [0x0000000080000000, 0x0000000100000000)
  region size 1024K, 102 young (104448K), 11 survivors (11264K)
 Metaspace       used 156082K, committed 158656K, reserved 1245184K
  class space    used 20972K, committed 22272K, reserved 1048576K
}
Event: 1539.008 GC heap after
{Heap after GC invocations=73 (full 0):
 garbage-first heap   total 292864K, used 149236K [0x0000000080000000, 0x0000000100000000)
  region size 1024K, 5 young (5120K), 5 survivors (5120K)
 Metaspace       used 156082K, committed 158656K, reserved 1245184K
  class space    used 20972K, committed 22272K, reserved 1048576K
}
Event: 1543.920 GC heap before
{Heap before GC invocations=73 (full 0):
 garbage-first heap   total 292864K, used 290548K [0x0000000080000000, 0x0000000100000000)
  region size 1024K, 87 young (89088K), 5 survivors (5120K)
 Metaspace       used 156730K, committed 159232K, reserved 1245184K
  class space    used 21051K, committed 22336K, reserved 1048576K
}
Event: 1543.935 GC heap after
{Heap after GC invocations=74 (full 0):
 garbage-first heap   total 308224K, used 148444K [0x0000000080000000, 0x0000000100000000)
  region size 1024K, 11 young (11264K), 11 survivors (11264K)
 Metaspace       used 156730K, committed 159232K, reserved 1245184K
  class space    used 21051K, committed 22336K, reserved 1048576K
}
Event: 1547.102 GC heap before
{Heap before GC invocations=74 (full 0):
 garbage-first heap   total 308224K, used 233436K [0x0000000080000000, 0x0000000100000000)
  region size 1024K, 96 young (98304K), 11 survivors (11264K)
 Metaspace       used 159621K, committed 162112K, reserved 1245184K
  class space    used 21363K, committed 22656K, reserved 1048576K
}
Event: 1547.114 GC heap after
{Heap after GC invocations=75 (full 0):
 garbage-first heap   total 308224K, used 156774K [0x0000000080000000, 0x0000000100000000)
  region size 1024K, 16 young (16384K), 16 survivors (16384K)
 Metaspace       used 159621K, committed 162112K, reserved 1245184K
  class space    used 21363K, committed 22656K, reserved 1048576K
}
Event: 1668.101 GC heap before
{Heap before GC invocations=76 (full 0):
 garbage-first heap   total 408576K, used 355430K [0x0000000080000000, 0x0000000100000000)
  region size 1024K, 126 young (129024K), 16 survivors (16384K)
 Metaspace       used 159817K, committed 162368K, reserved 1245184K
  class space    used 21368K, committed 22656K, reserved 1048576K
}
Event: 1668.114 GC heap after
{Heap after GC invocations=77 (full 0):
 garbage-first heap   total 408576K, used 156870K [0x0000000080000000, 0x0000000100000000)
  region size 1024K, 14 young (14336K), 14 survivors (14336K)
 Metaspace       used 159817K, committed 162368K, reserved 1245184K
  class space    used 21368K, committed 22656K, reserved 1048576K
}
Event: 1988.616 GC heap before
{Heap before GC invocations=77 (full 0):
 garbage-first heap   total 408576K, used 406726K [0x0000000080000000, 0x0000000100000000)
  region size 1024K, 202 young (206848K), 14 survivors (14336K)
 Metaspace       used 160191K, committed 162688K, reserved 1245184K
  class space    used 21368K, committed 22656K, reserved 1048576K
}
Event: 1988.635 GC heap after
{Heap after GC invocations=78 (full 0):
 garbage-first heap   total 415744K, used 141864K [0x0000000080000000, 0x0000000100000000)
  region size 1024K, 4 young (4096K), 4 survivors (4096K)
 Metaspace       used 160191K, committed 162688K, reserved 1245184K
  class space    used 21368K, committed 22656K, reserved 1048576K
}
Event: 2276.448 GC heap before
{Heap before GC invocations=78 (full 0):
 garbage-first heap   total 415744K, used 386600K [0x0000000080000000, 0x0000000100000000)
  region size 1024K, 243 young (248832K), 4 survivors (4096K)
 Metaspace       used 160729K, committed 163200K, reserved 1245184K
  class space    used 21379K, committed 22656K, reserved 1048576K
}
Event: 2276.469 GC heap after
{Heap after GC invocations=79 (full 0):
 garbage-first heap   total 415744K, used 140904K [0x0000000080000000, 0x0000000100000000)
  region size 1024K, 3 young (3072K), 3 survivors (3072K)
 Metaspace       used 160729K, committed 163200K, reserved 1245184K
  class space    used 21379K, committed 22656K, reserved 1048576K
}

